(---------------------------------------------------------------------)
(                                                                     )
(    DBDOCTOR                                                         )
(                                                                     )
(    Drawing          : 1n5819.psm                                    )
(    Software Version : 16.6P003                                      )
(    Date/Time        : Mon Sep 14 09:32:54 2020                      )
(                                                                     )
(---------------------------------------------------------------------)



0 warnings, 0 errors detected, 0 errors  fixed.
(---------------------------------------------------------------------)
(                                                                     )
(    DBDOCTOR                                                         )
(                                                                     )
(    Drawing          : 1n5819.psm                                    )
(    Software Version : 16.6P003                                      )
(    Date/Time        : Mon Sep 14 09:33:02 2020                      )
(                                                                     )
(---------------------------------------------------------------------)



0 warnings, 0 errors detected, 0 errors  fixed.
(---------------------------------------------------------------------)
(                                                                     )
(    DBDOCTOR                                                         )
(                                                                     )
(    Drawing          : 1n5819.psm                                    )
(    Software Version : 16.6P003                                      )
(    Date/Time        : Mon Sep 14 09:33:04 2020                      )
(                                                                     )
(---------------------------------------------------------------------)



0 warnings, 0 errors detected, 0 errors  fixed.
